
# conda environments:
#
base                   /Odyssey/private/t22picar/miniforge3
4dvarnet-daniel      * /Odyssey/private/t22picar/miniforge3/envs/4dvarnet-daniel
4dvarnet-starter       /Odyssey/private/t22picar/miniforge3/envs/4dvarnet-starter
bench_env              /Odyssey/private/t22picar/miniforge3/envs/bench_env
env-dc-global-ose1     /Odyssey/private/t22picar/miniforge3/envs/env-dc-global-ose1
woc_env                /Odyssey/private/t22picar/miniforge3/envs/woc_env

2010
Ignoring index file '/Odyssey/private/t22picar/data/era5/era5_2010.grib.5b7b6.idx' older than GRIB file
year = 2010
computing daily mean ...
computation daily mean done
interpolating ...
Traceback (most recent call last):
  File "/Odyssey/private/t22picar/process_data/era5/era5_8th_year.py", line 39, in <module>
    maps_glorys = regrid_da(maps_glorys)
  File "/Odyssey/private/t22picar/process_data/era5/era5_8th_year.py", line 30, in regrid_da
    new_da = da.interp({"lat":grid_ref.latitude, "lon":grid_ref.longitude}, method="linear")
  File "/Odyssey/private/t22picar/miniforge3/envs/4dvarnet-daniel/lib/python3.10/site-packages/xarray/core/dataset.py", line 4017, in interp
    indexers = dict(self._validate_interp_indexers(coords))
  File "/Odyssey/private/t22picar/miniforge3/envs/4dvarnet-daniel/lib/python3.10/site-packages/xarray/core/dataset.py", line 2856, in _validate_interp_indexers
    for k, v in self._validate_indexers(indexers):
  File "/Odyssey/private/t22picar/miniforge3/envs/4dvarnet-daniel/lib/python3.10/site-packages/xarray/core/dataset.py", line 2820, in _validate_indexers
    indexers = drop_dims_from_indexers(indexers, self.dims, missing_dims)
  File "/Odyssey/private/t22picar/miniforge3/envs/4dvarnet-daniel/lib/python3.10/site-packages/xarray/core/utils.py", line 797, in drop_dims_from_indexers
    raise ValueError(
ValueError: Dimensions {'lon', 'lat'} do not exist. Expected one or more of FrozenMappingWarningOnValuesAccess({'valid_time': 365, 'latitude': 721, 'longitude': 1440})
srun: error: sl-mee-br-208: task 0: Exited with exit code 1
srun: Terminating StepId=10598.0
2011
year = 2011
computing daily mean ...
computation daily mean done
interpolating ...
Traceback (most recent call last):
  File "/Odyssey/private/t22picar/process_data/era5/era5_8th_year.py", line 39, in <module>
    maps_glorys = regrid_da(maps_glorys)
  File "/Odyssey/private/t22picar/process_data/era5/era5_8th_year.py", line 30, in regrid_da
    new_da = da.interp({"lat":grid_ref.latitude, "lon":grid_ref.longitude}, method="linear")
  File "/Odyssey/private/t22picar/miniforge3/envs/4dvarnet-daniel/lib/python3.10/site-packages/xarray/core/dataset.py", line 4017, in interp
    indexers = dict(self._validate_interp_indexers(coords))
  File "/Odyssey/private/t22picar/miniforge3/envs/4dvarnet-daniel/lib/python3.10/site-packages/xarray/core/dataset.py", line 2856, in _validate_interp_indexers
    for k, v in self._validate_indexers(indexers):
  File "/Odyssey/private/t22picar/miniforge3/envs/4dvarnet-daniel/lib/python3.10/site-packages/xarray/core/dataset.py", line 2820, in _validate_indexers
    indexers = drop_dims_from_indexers(indexers, self.dims, missing_dims)
  File "/Odyssey/private/t22picar/miniforge3/envs/4dvarnet-daniel/lib/python3.10/site-packages/xarray/core/utils.py", line 797, in drop_dims_from_indexers
    raise ValueError(
ValueError: Dimensions {'lat', 'lon'} do not exist. Expected one or more of FrozenMappingWarningOnValuesAccess({'valid_time': 365, 'latitude': 721, 'longitude': 1440})
srun: error: sl-mee-br-208: task 0: Exited with exit code 1
srun: Terminating StepId=10598.1
2012
year = 2012
computing daily mean ...
computation daily mean done
interpolating ...
Traceback (most recent call last):
  File "/Odyssey/private/t22picar/process_data/era5/era5_8th_year.py", line 39, in <module>
    maps_glorys = regrid_da(maps_glorys)
  File "/Odyssey/private/t22picar/process_data/era5/era5_8th_year.py", line 30, in regrid_da
    new_da = da.interp({"lat":grid_ref.latitude, "lon":grid_ref.longitude}, method="linear")
  File "/Odyssey/private/t22picar/miniforge3/envs/4dvarnet-daniel/lib/python3.10/site-packages/xarray/core/dataset.py", line 4017, in interp
    indexers = dict(self._validate_interp_indexers(coords))
  File "/Odyssey/private/t22picar/miniforge3/envs/4dvarnet-daniel/lib/python3.10/site-packages/xarray/core/dataset.py", line 2856, in _validate_interp_indexers
    for k, v in self._validate_indexers(indexers):
  File "/Odyssey/private/t22picar/miniforge3/envs/4dvarnet-daniel/lib/python3.10/site-packages/xarray/core/dataset.py", line 2820, in _validate_indexers
    indexers = drop_dims_from_indexers(indexers, self.dims, missing_dims)
  File "/Odyssey/private/t22picar/miniforge3/envs/4dvarnet-daniel/lib/python3.10/site-packages/xarray/core/utils.py", line 797, in drop_dims_from_indexers
    raise ValueError(
ValueError: Dimensions {'lon', 'lat'} do not exist. Expected one or more of FrozenMappingWarningOnValuesAccess({'valid_time': 366, 'latitude': 721, 'longitude': 1440})
srun: error: sl-mee-br-208: task 0: Exited with exit code 1
srun: Terminating StepId=10598.2
2013
year = 2013
computing daily mean ...
computation daily mean done
interpolating ...
Traceback (most recent call last):
  File "/Odyssey/private/t22picar/process_data/era5/era5_8th_year.py", line 39, in <module>
    maps_glorys = regrid_da(maps_glorys)
  File "/Odyssey/private/t22picar/process_data/era5/era5_8th_year.py", line 30, in regrid_da
    new_da = da.interp({"lat":grid_ref.latitude, "lon":grid_ref.longitude}, method="linear")
  File "/Odyssey/private/t22picar/miniforge3/envs/4dvarnet-daniel/lib/python3.10/site-packages/xarray/core/dataset.py", line 4017, in interp
    indexers = dict(self._validate_interp_indexers(coords))
  File "/Odyssey/private/t22picar/miniforge3/envs/4dvarnet-daniel/lib/python3.10/site-packages/xarray/core/dataset.py", line 2856, in _validate_interp_indexers
    for k, v in self._validate_indexers(indexers):
  File "/Odyssey/private/t22picar/miniforge3/envs/4dvarnet-daniel/lib/python3.10/site-packages/xarray/core/dataset.py", line 2820, in _validate_indexers
    indexers = drop_dims_from_indexers(indexers, self.dims, missing_dims)
  File "/Odyssey/private/t22picar/miniforge3/envs/4dvarnet-daniel/lib/python3.10/site-packages/xarray/core/utils.py", line 797, in drop_dims_from_indexers
    raise ValueError(
ValueError: Dimensions {'lon', 'lat'} do not exist. Expected one or more of FrozenMappingWarningOnValuesAccess({'valid_time': 365, 'latitude': 721, 'longitude': 1440})
srun: error: sl-mee-br-208: task 0: Exited with exit code 1
srun: Terminating StepId=10598.3
2014
year = 2014
computing daily mean ...
computation daily mean done
interpolating ...
Traceback (most recent call last):
  File "/Odyssey/private/t22picar/process_data/era5/era5_8th_year.py", line 39, in <module>
    maps_glorys = regrid_da(maps_glorys)
  File "/Odyssey/private/t22picar/process_data/era5/era5_8th_year.py", line 30, in regrid_da
    new_da = da.interp({"lat":grid_ref.latitude, "lon":grid_ref.longitude}, method="linear")
  File "/Odyssey/private/t22picar/miniforge3/envs/4dvarnet-daniel/lib/python3.10/site-packages/xarray/core/dataset.py", line 4017, in interp
    indexers = dict(self._validate_interp_indexers(coords))
  File "/Odyssey/private/t22picar/miniforge3/envs/4dvarnet-daniel/lib/python3.10/site-packages/xarray/core/dataset.py", line 2856, in _validate_interp_indexers
    for k, v in self._validate_indexers(indexers):
  File "/Odyssey/private/t22picar/miniforge3/envs/4dvarnet-daniel/lib/python3.10/site-packages/xarray/core/dataset.py", line 2820, in _validate_indexers
    indexers = drop_dims_from_indexers(indexers, self.dims, missing_dims)
  File "/Odyssey/private/t22picar/miniforge3/envs/4dvarnet-daniel/lib/python3.10/site-packages/xarray/core/utils.py", line 797, in drop_dims_from_indexers
    raise ValueError(
ValueError: Dimensions {'lon', 'lat'} do not exist. Expected one or more of FrozenMappingWarningOnValuesAccess({'valid_time': 365, 'latitude': 721, 'longitude': 1440})
srun: error: sl-mee-br-208: task 0: Exited with exit code 1
srun: Terminating StepId=10598.4
2015
year = 2015
computing daily mean ...
computation daily mean done
interpolating ...
Traceback (most recent call last):
  File "/Odyssey/private/t22picar/process_data/era5/era5_8th_year.py", line 39, in <module>
    maps_glorys = regrid_da(maps_glorys)
  File "/Odyssey/private/t22picar/process_data/era5/era5_8th_year.py", line 30, in regrid_da
    new_da = da.interp({"lat":grid_ref.latitude, "lon":grid_ref.longitude}, method="linear")
  File "/Odyssey/private/t22picar/miniforge3/envs/4dvarnet-daniel/lib/python3.10/site-packages/xarray/core/dataset.py", line 4017, in interp
    indexers = dict(self._validate_interp_indexers(coords))
  File "/Odyssey/private/t22picar/miniforge3/envs/4dvarnet-daniel/lib/python3.10/site-packages/xarray/core/dataset.py", line 2856, in _validate_interp_indexers
    for k, v in self._validate_indexers(indexers):
  File "/Odyssey/private/t22picar/miniforge3/envs/4dvarnet-daniel/lib/python3.10/site-packages/xarray/core/dataset.py", line 2820, in _validate_indexers
    indexers = drop_dims_from_indexers(indexers, self.dims, missing_dims)
  File "/Odyssey/private/t22picar/miniforge3/envs/4dvarnet-daniel/lib/python3.10/site-packages/xarray/core/utils.py", line 797, in drop_dims_from_indexers
    raise ValueError(
ValueError: Dimensions {'lon', 'lat'} do not exist. Expected one or more of FrozenMappingWarningOnValuesAccess({'valid_time': 365, 'latitude': 721, 'longitude': 1440})
srun: error: sl-mee-br-208: task 0: Exited with exit code 1
srun: Terminating StepId=10598.5
2016
year = 2016
computing daily mean ...
computation daily mean done
interpolating ...
Traceback (most recent call last):
  File "/Odyssey/private/t22picar/process_data/era5/era5_8th_year.py", line 39, in <module>
    maps_glorys = regrid_da(maps_glorys)
  File "/Odyssey/private/t22picar/process_data/era5/era5_8th_year.py", line 30, in regrid_da
    new_da = da.interp({"lat":grid_ref.latitude, "lon":grid_ref.longitude}, method="linear")
  File "/Odyssey/private/t22picar/miniforge3/envs/4dvarnet-daniel/lib/python3.10/site-packages/xarray/core/dataset.py", line 4017, in interp
    indexers = dict(self._validate_interp_indexers(coords))
  File "/Odyssey/private/t22picar/miniforge3/envs/4dvarnet-daniel/lib/python3.10/site-packages/xarray/core/dataset.py", line 2856, in _validate_interp_indexers
    for k, v in self._validate_indexers(indexers):
  File "/Odyssey/private/t22picar/miniforge3/envs/4dvarnet-daniel/lib/python3.10/site-packages/xarray/core/dataset.py", line 2820, in _validate_indexers
    indexers = drop_dims_from_indexers(indexers, self.dims, missing_dims)
  File "/Odyssey/private/t22picar/miniforge3/envs/4dvarnet-daniel/lib/python3.10/site-packages/xarray/core/utils.py", line 797, in drop_dims_from_indexers
    raise ValueError(
ValueError: Dimensions {'lon', 'lat'} do not exist. Expected one or more of FrozenMappingWarningOnValuesAccess({'valid_time': 366, 'latitude': 721, 'longitude': 1440})
srun: error: sl-mee-br-208: task 0: Exited with exit code 1
srun: Terminating StepId=10598.6
2017
year = 2017
computing daily mean ...
computation daily mean done
interpolating ...
Traceback (most recent call last):
  File "/Odyssey/private/t22picar/process_data/era5/era5_8th_year.py", line 39, in <module>
    maps_glorys = regrid_da(maps_glorys)
  File "/Odyssey/private/t22picar/process_data/era5/era5_8th_year.py", line 30, in regrid_da
    new_da = da.interp({"lat":grid_ref.latitude, "lon":grid_ref.longitude}, method="linear")
  File "/Odyssey/private/t22picar/miniforge3/envs/4dvarnet-daniel/lib/python3.10/site-packages/xarray/core/dataset.py", line 4017, in interp
    indexers = dict(self._validate_interp_indexers(coords))
  File "/Odyssey/private/t22picar/miniforge3/envs/4dvarnet-daniel/lib/python3.10/site-packages/xarray/core/dataset.py", line 2856, in _validate_interp_indexers
    for k, v in self._validate_indexers(indexers):
  File "/Odyssey/private/t22picar/miniforge3/envs/4dvarnet-daniel/lib/python3.10/site-packages/xarray/core/dataset.py", line 2820, in _validate_indexers
    indexers = drop_dims_from_indexers(indexers, self.dims, missing_dims)
  File "/Odyssey/private/t22picar/miniforge3/envs/4dvarnet-daniel/lib/python3.10/site-packages/xarray/core/utils.py", line 797, in drop_dims_from_indexers
    raise ValueError(
ValueError: Dimensions {'lat', 'lon'} do not exist. Expected one or more of FrozenMappingWarningOnValuesAccess({'valid_time': 365, 'latitude': 721, 'longitude': 1440})
srun: error: sl-mee-br-208: task 0: Exited with exit code 1
srun: Terminating StepId=10598.7
2018
year = 2018
computing daily mean ...
computation daily mean done
interpolating ...
Traceback (most recent call last):
  File "/Odyssey/private/t22picar/process_data/era5/era5_8th_year.py", line 39, in <module>
    maps_glorys = regrid_da(maps_glorys)
  File "/Odyssey/private/t22picar/process_data/era5/era5_8th_year.py", line 30, in regrid_da
    new_da = da.interp({"lat":grid_ref.latitude, "lon":grid_ref.longitude}, method="linear")
  File "/Odyssey/private/t22picar/miniforge3/envs/4dvarnet-daniel/lib/python3.10/site-packages/xarray/core/dataset.py", line 4017, in interp
    indexers = dict(self._validate_interp_indexers(coords))
  File "/Odyssey/private/t22picar/miniforge3/envs/4dvarnet-daniel/lib/python3.10/site-packages/xarray/core/dataset.py", line 2856, in _validate_interp_indexers
    for k, v in self._validate_indexers(indexers):
  File "/Odyssey/private/t22picar/miniforge3/envs/4dvarnet-daniel/lib/python3.10/site-packages/xarray/core/dataset.py", line 2820, in _validate_indexers
    indexers = drop_dims_from_indexers(indexers, self.dims, missing_dims)
  File "/Odyssey/private/t22picar/miniforge3/envs/4dvarnet-daniel/lib/python3.10/site-packages/xarray/core/utils.py", line 797, in drop_dims_from_indexers
    raise ValueError(
ValueError: Dimensions {'lat', 'lon'} do not exist. Expected one or more of FrozenMappingWarningOnValuesAccess({'valid_time': 365, 'latitude': 721, 'longitude': 1440})
srun: error: sl-mee-br-208: task 0: Exited with exit code 1
srun: Terminating StepId=10598.8
