Le dossier '/Odyssey/private/t22picar/data/train_glorys_15_4th/' a été créé.
2017
Interpolation glorys ... 
Interpolation done 
2018
Interpolation glorys... 
Interpolation glorys done 
Concatenation ... 
Concatenation done 
Saving...
Saving done
interpolation era5
2017
computing daily mean era5 ...
computation daily mean done
Interpolating era5 ...
interpolation done
computing daily mean era5 ...
computation daily mean done
Interpolating era5 ...
interpolation done
Saving file ...
Saving done
Interpolation cmems ssh ... 
Interpolation done
Saving...
/Odyssey/private/t22picar/data/train_glorys_15_4th/cmems_ssh_2019.nc
Saving done
Interpolation ostia ssh ... 
Interpolation done
Saving...
/Odyssey/private/t22picar/data/train_glorys_15_4th/ostia_sst_2019.nc
Saving done
open data
computing daily mean era5 ...
computation daily mean done
Interpolating era5 ...
interpolation done
Saving file ...
Saving done
